0 verbose cli /usr/local/bin/node /usr/local/bin/npm
1 info using npm@11.6.2
2 info using node@v24.13.0
3 silly config load:file:/usr/local/lib/node_modules/npm/npmrc
4 silly config load:file:/Users/jamesmalla/kalekyemumo.site/.npmrc
5 silly config load:file:/Users/jamesmalla/.npmrc
6 silly config load:file:/usr/local/etc/npmrc
7 verbose title npm install react-router-dom framer-motion lucide-react clsx tailwind-merge
8 verbose argv "install" "react-router-dom" "framer-motion" "lucide-react" "clsx" "tailwind-merge"
9 verbose logfile logs-max:10 dir:/Users/jamesmalla/kalekyemumo.site/.npm_cache/_logs/2026-04-06T20_36_09_197Z-
10 verbose logfile /Users/jamesmalla/kalekyemumo.site/.npm_cache/_logs/2026-04-06T20_36_09_197Z-debug-0.log
11 silly logfile done cleaning log files
12 silly packumentCache heap:4496293888 maxSize:1124073472 maxEntrySize:562036736
13 silly idealTree buildDeps
14 silly fetch manifest react-router-dom@*
15 silly packumentCache full:https://registry.npmjs.org/react-router-dom cache-miss
16 http cache https://registry.npmjs.org/react-router-dom 43ms (cache hit)
17 silly packumentCache full:https://registry.npmjs.org/react-router-dom set size:2828731 disposed:false
18 silly fetch manifest react@^19.2.4
19 silly packumentCache full:https://registry.npmjs.org/react cache-miss
20 http cache https://registry.npmjs.org/react 16ms (cache hit)
21 silly packumentCache full:https://registry.npmjs.org/react set size:6585005 disposed:false
22 silly fetch manifest react-dom@^19.2.4
23 silly packumentCache full:https://registry.npmjs.org/react-dom cache-miss
24 http cache https://registry.npmjs.org/react-dom 16ms (cache hit)
25 silly packumentCache full:https://registry.npmjs.org/react-dom set size:8756153 disposed:false
26 silly fetch manifest framer-motion@*
27 silly packumentCache full:https://registry.npmjs.org/framer-motion cache-miss
28 http cache https://registry.npmjs.org/framer-motion 35ms (cache hit)
29 silly packumentCache full:https://registry.npmjs.org/framer-motion set size:10001580 disposed:false
30 silly fetch manifest @emotion/is-prop-valid@*
31 silly packumentCache full:https://registry.npmjs.org/@emotion%2fis-prop-valid cache-miss
32 http cache https://registry.npmjs.org/@emotion%2fis-prop-valid 14ms (cache hit)
33 silly packumentCache full:https://registry.npmjs.org/@emotion%2fis-prop-valid set size:96664 disposed:false
34 silly fetch manifest lucide-react@*
35 silly packumentCache full:https://registry.npmjs.org/lucide-react cache-miss
36 http cache https://registry.npmjs.org/lucide-react 20ms (cache hit)
37 silly packumentCache full:https://registry.npmjs.org/lucide-react set size:2235648 disposed:false
38 silly fetch manifest clsx@*
39 silly packumentCache full:https://registry.npmjs.org/clsx cache-miss
40 http cache https://registry.npmjs.org/clsx 6ms (cache hit)
41 silly packumentCache full:https://registry.npmjs.org/clsx set size:42506 disposed:false
42 silly fetch manifest tailwind-merge@*
43 silly packumentCache full:https://registry.npmjs.org/tailwind-merge cache-miss
44 http cache https://registry.npmjs.org/tailwind-merge 17ms (cache hit)
45 silly packumentCache full:https://registry.npmjs.org/tailwind-merge set size:1544587 disposed:false
46 silly placeDep ROOT clsx@2.1.1 OK for: tmp-vite@0.0.0 want: *
47 silly placeDep ROOT framer-motion@12.38.0 OK for: tmp-vite@0.0.0 want: *
48 silly placeDep ROOT lucide-react@1.7.0 OK for: tmp-vite@0.0.0 want: *
49 silly placeDep ROOT react-router-dom@7.14.0 OK for: tmp-vite@0.0.0 want: *
50 silly placeDep ROOT tailwind-merge@3.5.0 OK for: tmp-vite@0.0.0 want: *
51 silly fetch manifest motion-dom@^12.38.0
52 silly packumentCache full:https://registry.npmjs.org/motion-dom cache-miss
53 silly fetch manifest motion-utils@^12.36.0
54 silly packumentCache full:https://registry.npmjs.org/motion-utils cache-miss
55 silly fetch manifest react-router@7.14.0
56 silly packumentCache full:https://registry.npmjs.org/react-router cache-miss
57 http cache https://registry.npmjs.org/motion-utils 5ms (cache hit)
58 silly packumentCache full:https://registry.npmjs.org/motion-utils set size:64595 disposed:false
59 http cache https://registry.npmjs.org/motion-dom 20ms (cache hit)
60 silly packumentCache full:https://registry.npmjs.org/motion-dom set size:272555 disposed:false
61 http cache https://registry.npmjs.org/react-router 25ms (cache hit)
62 silly packumentCache full:https://registry.npmjs.org/react-router set size:3920523 disposed:false
63 silly fetch manifest @emnapi/core@^1.7.1
64 silly packumentCache full:https://registry.npmjs.org/@emnapi%2fcore cache-miss
65 http cache https://registry.npmjs.org/@emnapi%2fcore 3ms (cache hit)
66 silly packumentCache full:https://registry.npmjs.org/@emnapi%2fcore set size:103589 disposed:false
67 silly fetch manifest @emnapi/runtime@^1.7.1
68 silly packumentCache full:https://registry.npmjs.org/@emnapi%2fruntime cache-miss
69 http cache https://registry.npmjs.org/@emnapi%2fruntime 3ms (cache hit)
70 silly packumentCache full:https://registry.npmjs.org/@emnapi%2fruntime set size:105954 disposed:false
71 silly placeDep ROOT @emnapi/core@1.9.2 OK for: @napi-rs/wasm-runtime@1.1.2 want: ^1.7.1
72 silly placeDep ROOT @emnapi/runtime@1.9.2 OK for: @napi-rs/wasm-runtime@1.1.2 want: ^1.7.1
73 silly placeDep ROOT motion-dom@12.38.0 OK for: framer-motion@12.38.0 want: ^12.38.0
74 silly placeDep ROOT motion-utils@12.36.0 OK for: framer-motion@12.38.0 want: ^12.36.0
75 silly fetch manifest react@>=18
76 silly packumentCache full:https://registry.npmjs.org/react cache-miss
77 http cache https://registry.npmjs.org/react 11ms (cache hit)
78 silly packumentCache full:https://registry.npmjs.org/react set size:6585005 disposed:false
79 silly fetch manifest react-dom@>=18
80 silly packumentCache full:https://registry.npmjs.org/react-dom cache-miss
81 http cache https://registry.npmjs.org/react-dom 14ms (cache hit)
82 silly packumentCache full:https://registry.npmjs.org/react-dom set size:8756153 disposed:false
83 silly placeDep ROOT react-router@7.14.0 OK for: react-router-dom@7.14.0 want: 7.14.0
84 silly fetch manifest cookie@^1.0.1
85 silly packumentCache full:https://registry.npmjs.org/cookie cache-miss
86 silly fetch manifest set-cookie-parser@^2.6.0
87 silly packumentCache full:https://registry.npmjs.org/set-cookie-parser cache-miss
88 http cache https://registry.npmjs.org/set-cookie-parser 10ms (cache hit)
89 silly packumentCache full:https://registry.npmjs.org/set-cookie-parser set size:73160 disposed:false
90 http cache https://registry.npmjs.org/cookie 11ms (cache hit)
91 silly packumentCache full:https://registry.npmjs.org/cookie set size:72891 disposed:false
92 silly placeDep ROOT cookie@1.1.1 OK for: react-router@7.14.0 want: ^1.0.1
93 silly placeDep ROOT set-cookie-parser@2.7.2 OK for: react-router@7.14.0 want: ^2.6.0
94 silly reify moves {}
95 silly audit bulk request {
95 silly audit   '@babel/code-frame': [ '7.29.0' ],
95 silly audit   '@babel/compat-data': [ '7.29.0' ],
95 silly audit   '@babel/core': [ '7.29.0' ],
95 silly audit   '@babel/generator': [ '7.29.1' ],
95 silly audit   '@babel/helper-compilation-targets': [ '7.28.6' ],
95 silly audit   '@babel/helper-globals': [ '7.28.0' ],
95 silly audit   '@babel/helper-module-imports': [ '7.28.6' ],
95 silly audit   '@babel/helper-module-transforms': [ '7.28.6' ],
95 silly audit   '@babel/helper-string-parser': [ '7.27.1' ],
95 silly audit   '@babel/helper-validator-identifier': [ '7.28.5' ],
95 silly audit   '@babel/helper-validator-option': [ '7.27.1' ],
95 silly audit   '@babel/helpers': [ '7.29.2' ],
95 silly audit   '@babel/parser': [ '7.29.2' ],
95 silly audit   '@babel/template': [ '7.28.6' ],
95 silly audit   '@babel/traverse': [ '7.29.0' ],
95 silly audit   '@babel/types': [ '7.29.0' ],
95 silly audit   '@emnapi/wasi-threads': [ '1.2.1' ],
95 silly audit   '@eslint-community/eslint-utils': [ '4.9.1' ],
95 silly audit   'eslint-visitor-keys': [ '3.4.3', '4.2.1' ],
95 silly audit   '@eslint-community/regexpp': [ '4.12.2' ],
95 silly audit   '@eslint/config-array': [ '0.21.2' ],
95 silly audit   '@eslint/config-helpers': [ '0.4.2' ],
95 silly audit   '@eslint/core': [ '0.17.0' ],
95 silly audit   '@eslint/eslintrc': [ '3.3.5' ],
95 silly audit   globals: [ '14.0.0', '17.4.0' ],
95 silly audit   '@eslint/js': [ '9.39.4' ],
95 silly audit   '@eslint/object-schema': [ '2.1.7' ],
95 silly audit   '@eslint/plugin-kit': [ '0.4.1' ],
95 silly audit   '@humanfs/core': [ '0.19.1' ],
95 silly audit   '@humanfs/node': [ '0.16.7' ],
95 silly audit   '@humanwhocodes/module-importer': [ '1.0.1' ],
95 silly audit   '@humanwhocodes/retry': [ '0.4.3' ],
95 silly audit   '@jridgewell/gen-mapping': [ '0.3.13' ],
95 silly audit   '@jridgewell/remapping': [ '2.3.5' ],
95 silly audit   '@jridgewell/resolve-uri': [ '3.1.2' ],
95 silly audit   '@jridgewell/sourcemap-codec': [ '1.5.5' ],
95 silly audit   '@jridgewell/trace-mapping': [ '0.3.31' ],
95 silly audit   '@napi-rs/wasm-runtime': [ '1.1.2' ],
95 silly audit   '@oxc-project/types': [ '0.122.0' ],
95 silly audit   '@rolldown/binding-android-arm64': [ '1.0.0-rc.12' ],
95 silly audit   '@rolldown/binding-darwin-arm64': [ '1.0.0-rc.12' ],
95 silly audit   '@rolldown/binding-darwin-x64': [ '1.0.0-rc.12' ],
95 silly audit   '@rolldown/binding-freebsd-x64': [ '1.0.0-rc.12' ],
95 silly audit   '@rolldown/binding-linux-arm-gnueabihf': [ '1.0.0-rc.12' ],
95 silly audit   '@rolldown/binding-linux-arm64-gnu': [ '1.0.0-rc.12' ],
95 silly audit   '@rolldown/binding-linux-arm64-musl': [ '1.0.0-rc.12' ],
95 silly audit   '@rolldown/binding-linux-ppc64-gnu': [ '1.0.0-rc.12' ],
95 silly audit   '@rolldown/binding-linux-s390x-gnu': [ '1.0.0-rc.12' ],
95 silly audit   '@rolldown/binding-linux-x64-gnu': [ '1.0.0-rc.12' ],
95 silly audit   '@rolldown/binding-linux-x64-musl': [ '1.0.0-rc.12' ],
95 silly audit   '@rolldown/binding-openharmony-arm64': [ '1.0.0-rc.12' ],
95 silly audit   '@rolldown/binding-wasm32-wasi': [ '1.0.0-rc.12' ],
95 silly audit   '@rolldown/binding-win32-arm64-msvc': [ '1.0.0-rc.12' ],
95 silly audit   '@rolldown/binding-win32-x64-msvc': [ '1.0.0-rc.12' ],
95 silly audit   '@rolldown/pluginutils': [ '1.0.0-rc.7', '1.0.0-rc.12' ],
95 silly audit   '@tybys/wasm-util': [ '0.10.1' ],
95 silly audit   '@types/estree': [ '1.0.8' ],
95 silly audit   '@types/json-schema': [ '7.0.15' ],
95 silly audit   '@types/react': [ '19.2.14' ],
95 silly audit   '@types/react-dom': [ '19.2.3' ],
95 silly audit   '@vitejs/plugin-react': [ '6.0.1' ],
95 silly audit   acorn: [ '8.16.0' ],
95 silly audit   'acorn-jsx': [ '5.3.2' ],
95 silly audit   ajv: [ '6.14.0' ],
95 silly audit   'ansi-styles': [ '4.3.0' ],
95 silly audit   argparse: [ '2.0.1' ],
95 silly audit   autoprefixer: [ '10.4.27' ],
95 silly audit   'balanced-match': [ '1.0.2' ],
95 silly audit   'baseline-browser-mapping': [ '2.10.16' ],
95 silly audit   'brace-expansion': [ '1.1.13' ],
95 silly audit   browserslist: [ '4.28.2' ],
95 silly audit   callsites: [ '3.1.0' ],
95 silly audit   'caniuse-lite': [ '1.0.30001786' ],
95 silly audit   chalk: [ '4.1.2' ],
95 silly audit   'color-convert': [ '2.0.1' ],
95 silly audit   'color-name': [ '1.1.4' ],
95 silly audit   'concat-map': [ '0.0.1' ],
95 silly audit   'convert-source-map': [ '2.0.0' ],
95 silly audit   'cross-spawn': [ '7.0.6' ],
95 silly audit   csstype: [ '3.2.3' ],
95 silly audit   debug: [ '4.4.3' ],
95 silly audit   'deep-is': [ '0.1.4' ],
95 silly audit   'detect-libc': [ '2.1.2' ],
95 silly audit   'electron-to-chromium': [ '1.5.331' ],
95 silly audit   escalade: [ '3.2.0' ],
95 silly audit   'escape-string-regexp': [ '4.0.0' ],
95 silly audit   eslint: [ '9.39.4' ],
95 silly audit   'eslint-plugin-react-hooks': [ '7.0.1' ],
95 silly audit   'eslint-plugin-react-refresh': [ '0.5.2' ],
95 silly audit   'eslint-scope': [ '8.4.0' ],
95 silly audit   espree: [ '10.4.0' ],
95 silly audit   esquery: [ '1.7.0' ],
95 silly audit   esrecurse: [ '4.3.0' ],
95 silly audit   estraverse: [ '5.3.0' ],
95 silly audit   esutils: [ '2.0.3' ],
95 silly audit   'fast-deep-equal': [ '3.1.3' ],
95 silly audit   'fast-json-stable-stringify': [ '2.1.0' ],
95 silly audit   'fast-levenshtein': [ '2.0.6' ],
95 silly audit   fdir: [ '6.5.0' ],
95 silly audit   'file-entry-cache': [ '8.0.0' ],
95 silly audit   'find-up': [ '5.0.0' ],
95 silly audit   'flat-cache': [ '4.0.1' ],
95 silly audit   flatted: [ '3.4.2' ],
95 silly audit   'fraction.js': [ '5.3.4' ],
95 silly audit   fsevents: [ '2.3.3' ],
95 silly audit   gensync: [ '1.0.0-beta.2' ],
95 silly audit   'glob-parent': [ '6.0.2' ],
95 silly audit   'has-flag': [ '4.0.0' ],
95 silly audit   'hermes-estree': [ '0.25.1' ],
95 silly audit   'hermes-parser': [ '0.25.1' ],
95 silly audit   ignore: [ '5.3.2' ],
95 silly audit   'import-fresh': [ '3.3.1' ],
95 silly audit   imurmurhash: [ '0.1.4' ],
95 silly audit   'is-extglob': [ '2.1.1' ],
95 silly audit   'is-glob': [ '4.0.3' ],
95 silly audit   isexe: [ '2.0.0' ],
95 silly audit   'js-tokens': [ '4.0.0' ],
95 silly audit   'js-yaml': [ '4.1.1' ],
95 silly audit   jsesc: [ '3.1.0' ],
95 silly audit   'json-buffer': [ '3.0.1' ],
95 silly audit   'json-schema-traverse': [ '0.4.1' ],
95 silly audit   'json-stable-stringify-without-jsonify': [ '1.0.1' ],
95 silly audit   json5: [ '2.2.3' ],
95 silly audit   keyv: [ '4.5.4' ],
95 silly audit   levn: [ '0.4.1' ],
95 silly audit   lightningcss: [ '1.32.0' ],
95 silly audit   'lightningcss-android-arm64': [ '1.32.0' ],
95 silly audit   'lightningcss-darwin-arm64': [ '1.32.0' ],
95 silly audit   'lightningcss-darwin-x64': [ '1.32.0' ],
95 silly audit   'lightningcss-freebsd-x64': [ '1.32.0' ],
95 silly audit   'lightningcss-linux-arm-gnueabihf': [ '1.32.0' ],
95 silly audit   'lightningcss-linux-arm64-gnu': [ '1.32.0' ],
95 silly audit   'lightningcss-linux-arm64-musl': [ '1.32.0' ],
95 silly audit   'lightningcss-linux-x64-gnu': [ '1.32.0' ],
95 silly audit   'lightningcss-linux-x64-musl': [ '1.32.0' ],
95 silly audit   'lightningcss-win32-arm64-msvc': [ '1.32.0' ],
95 silly audit   'lightningcss-win32-x64-msvc': [ '1.32.0' ],
95 silly audit   'locate-path': [ '6.0.0' ],
95 silly audit   'lodash.merge': [ '4.6.2' ],
95 silly audit   'lru-cache': [ '5.1.1' ],
95 silly audit   minimatch: [ '3.1.5' ],
95 silly audit   ms: [ '2.1.3' ],
95 silly audit   nanoid: [ '3.3.11' ],
95 silly audit   'natural-compare': [ '1.4.0' ],
95 silly audit   'node-releases': [ '2.0.37' ],
95 silly audit   optionator: [ '0.9.4' ],
95 silly audit   'p-limit': [ '3.1.0' ],
95 silly audit   'p-locate': [ '5.0.0' ],
95 silly audit   'parent-module': [ '1.0.1' ],
95 silly audit   'path-exists': [ '4.0.0' ],
95 silly audit   'path-key': [ '3.1.1' ],
95 silly audit   picocolors: [ '1.1.1' ],
95 silly audit   picomatch: [ '4.0.4' ],
95 silly audit   postcss: [ '8.5.8' ],
95 silly audit   'postcss-value-parser': [ '4.2.0' ],
95 silly audit   'prelude-ls': [ '1.2.1' ],
95 silly audit   punycode: [ '2.3.1' ],
95 silly audit   react: [ '19.2.4' ],
95 silly audit   'react-dom': [ '19.2.4' ],
95 silly audit   'resolve-from': [ '4.0.0' ],
95 silly audit   rolldown: [ '1.0.0-rc.12' ],
95 silly audit   scheduler: [ '0.27.0' ],
95 silly audit   semver: [ '6.3.1' ],
95 silly audit   'shebang-command': [ '2.0.0' ],
95 silly audit   'shebang-regex': [ '3.0.0' ],
95 silly audit   'source-map-js': [ '1.2.1' ],
95 silly audit   'strip-json-comments': [ '3.1.1' ],
95 silly audit   'supports-color': [ '7.2.0' ],
95 silly audit   tailwindcss: [ '4.2.2' ],
95 silly audit   tinyglobby: [ '0.2.15' ],
95 silly audit   tslib: [ '2.8.1' ],
95 silly audit   'type-check': [ '0.4.0' ],
95 silly audit   'update-browserslist-db': [ '1.2.3' ],
95 silly audit   'uri-js': [ '4.4.1' ],
95 silly audit   vite: [ '8.0.5' ],
95 silly audit   which: [ '2.0.2' ],
95 silly audit   'word-wrap': [ '1.2.5' ],
95 silly audit   yallist: [ '3.1.1' ],
95 silly audit   'yocto-queue': [ '0.1.0' ],
95 silly audit   zod: [ '4.3.6' ],
95 silly audit   'zod-validation-error': [ '4.0.2' ],
95 silly audit   clsx: [ '2.1.1' ],
95 silly audit   'framer-motion': [ '12.38.0' ],
95 silly audit   'lucide-react': [ '1.7.0' ],
95 silly audit   'react-router-dom': [ '7.14.0' ],
95 silly audit   'tailwind-merge': [ '3.5.0' ],
95 silly audit   'motion-dom': [ '12.38.0' ],
95 silly audit   'motion-utils': [ '12.36.0' ],
95 silly audit   'react-router': [ '7.14.0' ],
95 silly audit   cookie: [ '1.1.1' ],
95 silly audit   'set-cookie-parser': [ '2.7.2' ]
95 silly audit }
96 http cache cookie@https://registry.npmjs.org/cookie/-/cookie-1.1.1.tgz 0ms (cache hit)
97 http cache set-cookie-parser@https://registry.npmjs.org/set-cookie-parser/-/set-cookie-parser-2.7.2.tgz 0ms (cache hit)
98 http cache motion-dom@https://registry.npmjs.org/motion-dom/-/motion-dom-12.38.0.tgz 0ms (cache hit)
99 http cache motion-utils@https://registry.npmjs.org/motion-utils/-/motion-utils-12.36.0.tgz 0ms (cache hit)
100 http cache react-router-dom@https://registry.npmjs.org/react-router-dom/-/react-router-dom-7.14.0.tgz 0ms (cache hit)
101 http cache tailwind-merge@https://registry.npmjs.org/tailwind-merge/-/tailwind-merge-3.5.0.tgz 0ms (cache hit)
102 http cache react-router@https://registry.npmjs.org/react-router/-/react-router-7.14.0.tgz 0ms (cache hit)
103 http cache lucide-react@https://registry.npmjs.org/lucide-react/-/lucide-react-1.7.0.tgz 0ms (cache hit)
104 silly tarball no local data for cookie@https://registry.npmjs.org/cookie/-/cookie-1.1.1.tgz. Extracting by manifest.
105 silly tarball no local data for set-cookie-parser@https://registry.npmjs.org/set-cookie-parser/-/set-cookie-parser-2.7.2.tgz. Extracting by manifest.
106 silly tarball no local data for motion-dom@https://registry.npmjs.org/motion-dom/-/motion-dom-12.38.0.tgz. Extracting by manifest.
107 http cache framer-motion@https://registry.npmjs.org/framer-motion/-/framer-motion-12.38.0.tgz 0ms (cache hit)
108 silly tarball no local data for motion-utils@https://registry.npmjs.org/motion-utils/-/motion-utils-12.36.0.tgz. Extracting by manifest.
109 silly tarball no local data for react-router-dom@https://registry.npmjs.org/react-router-dom/-/react-router-dom-7.14.0.tgz. Extracting by manifest.
110 silly tarball no local data for tailwind-merge@https://registry.npmjs.org/tailwind-merge/-/tailwind-merge-3.5.0.tgz. Extracting by manifest.
111 silly tarball no local data for react-router@https://registry.npmjs.org/react-router/-/react-router-7.14.0.tgz. Extracting by manifest.
112 silly tarball no local data for lucide-react@https://registry.npmjs.org/lucide-react/-/lucide-react-1.7.0.tgz. Extracting by manifest.
113 silly tarball no local data for framer-motion@https://registry.npmjs.org/framer-motion/-/framer-motion-12.38.0.tgz. Extracting by manifest.
114 http cache clsx@https://registry.npmjs.org/clsx/-/clsx-2.1.1.tgz 0ms (cache hit)
115 silly tarball no local data for clsx@https://registry.npmjs.org/clsx/-/clsx-2.1.1.tgz. Extracting by manifest.
116 http fetch GET 200 https://registry.npmjs.org/cookie/-/cookie-1.1.1.tgz 96ms (cache miss)
117 http fetch GET 200 https://registry.npmjs.org/tailwind-merge/-/tailwind-merge-3.5.0.tgz 274ms (cache miss)
118 http fetch GET 200 https://registry.npmjs.org/react-router/-/react-router-7.14.0.tgz 298ms (cache miss)
119 http fetch POST 200 https://registry.npmjs.org/-/npm/v1/security/advisories/bulk 386ms
120 silly audit report {}
121 http fetch GET 200 https://registry.npmjs.org/react-router-dom/-/react-router-dom-7.14.0.tgz 476ms (cache miss)
122 http fetch GET 200 https://registry.npmjs.org/clsx/-/clsx-2.1.1.tgz 465ms (cache miss)
123 http fetch GET 200 https://registry.npmjs.org/set-cookie-parser/-/set-cookie-parser-2.7.2.tgz 477ms (cache miss)
124 http fetch GET 200 https://registry.npmjs.org/motion-dom/-/motion-dom-12.38.0.tgz 621ms (cache miss)
125 http fetch GET 200 https://registry.npmjs.org/framer-motion/-/framer-motion-12.38.0.tgz 1621ms (cache miss)
126 http fetch GET 200 https://registry.npmjs.org/motion-utils/-/motion-utils-12.36.0.tgz 1704ms (cache miss)
127 http fetch GET 200 https://registry.npmjs.org/lucide-react/-/lucide-react-1.7.0.tgz 2059ms (cache miss)
128 silly ADD node_modules/set-cookie-parser
129 silly ADD node_modules/cookie
130 silly ADD node_modules/react-router
131 silly ADD node_modules/motion-utils
132 silly ADD node_modules/motion-dom
133 silly ADD node_modules/tailwind-merge
134 silly ADD node_modules/react-router-dom
135 silly ADD node_modules/lucide-react
136 silly ADD node_modules/framer-motion
137 silly ADD node_modules/clsx
138 verbose cwd /Users/jamesmalla/kalekyemumo.site
139 verbose os Darwin 25.2.0
140 verbose node v24.13.0
141 verbose npm  v11.6.2
142 verbose exit 0
143 info ok
