0 verbose cli /usr/local/bin/node /usr/local/bin/npm
1 info using npm@11.6.2
2 info using node@v24.13.0
3 silly config load:file:/usr/local/lib/node_modules/npm/npmrc
4 silly config load:file:/Users/jamesmalla/kalekyemumo.site/.npmrc
5 silly config load:file:/Users/jamesmalla/.npmrc
6 silly config load:file:/usr/local/etc/npmrc
7 verbose title npm install @tailwindcss/postcss
8 verbose argv "install" "--save-dev" "@tailwindcss/postcss"
9 verbose logfile logs-max:10 dir:/Users/jamesmalla/kalekyemumo.site/.npm_cache/_logs/2026-04-06T20_39_00_966Z-
10 verbose logfile /Users/jamesmalla/kalekyemumo.site/.npm_cache/_logs/2026-04-06T20_39_00_966Z-debug-0.log
11 silly logfile done cleaning log files
12 silly packumentCache heap:4496293888 maxSize:1124073472 maxEntrySize:562036736
13 verbose shrinkwrap failed to load node_modules/.package-lock.json out of date, updated: node_modules
14 silly idealTree buildDeps
15 silly fetch manifest @tailwindcss/postcss@*
16 silly packumentCache full:https://registry.npmjs.org/@tailwindcss%2fpostcss cache-miss
17 http fetch GET 200 https://registry.npmjs.org/@tailwindcss%2fpostcss 984ms (cache miss)
18 silly packumentCache full:https://registry.npmjs.org/@tailwindcss%2fpostcss set size:undefined disposed:false
19 silly placeDep ROOT @tailwindcss/postcss@4.2.2 OK for: tmp-vite@0.0.0 want: *
20 silly fetch manifest @alloc/quick-lru@^5.2.0
21 silly packumentCache full:https://registry.npmjs.org/@alloc%2fquick-lru cache-miss
22 silly fetch manifest @tailwindcss/node@4.2.2
23 silly packumentCache full:https://registry.npmjs.org/@tailwindcss%2fnode cache-miss
24 silly fetch manifest @tailwindcss/oxide@4.2.2
25 silly packumentCache full:https://registry.npmjs.org/@tailwindcss%2foxide cache-miss
26 http fetch GET 200 https://registry.npmjs.org/@alloc%2fquick-lru 778ms (cache miss)
27 silly packumentCache full:https://registry.npmjs.org/@alloc%2fquick-lru set size:undefined disposed:false
28 http fetch GET 200 https://registry.npmjs.org/@tailwindcss%2fnode 864ms (cache miss)
29 silly packumentCache full:https://registry.npmjs.org/@tailwindcss%2fnode set size:undefined disposed:false
30 http fetch GET 200 https://registry.npmjs.org/@tailwindcss%2foxide 1428ms (cache miss)
31 silly packumentCache full:https://registry.npmjs.org/@tailwindcss%2foxide set size:undefined disposed:false
32 silly fetch manifest @emnapi/core@^1.7.1
33 silly packumentCache full:https://registry.npmjs.org/@emnapi%2fcore cache-miss
34 http cache https://registry.npmjs.org/@emnapi%2fcore 6ms (cache hit)
35 silly packumentCache full:https://registry.npmjs.org/@emnapi%2fcore set size:103589 disposed:false
36 silly fetch manifest @emnapi/runtime@^1.7.1
37 silly packumentCache full:https://registry.npmjs.org/@emnapi%2fruntime cache-miss
38 http cache https://registry.npmjs.org/@emnapi%2fruntime 4ms (cache hit)
39 silly packumentCache full:https://registry.npmjs.org/@emnapi%2fruntime set size:105954 disposed:false
40 silly placeDep ROOT @emnapi/core@1.9.2 OK for: @napi-rs/wasm-runtime@1.1.2 want: ^1.7.1
41 silly placeDep ROOT @emnapi/runtime@1.9.2 OK for: @napi-rs/wasm-runtime@1.1.2 want: ^1.7.1
42 silly placeDep ROOT @alloc/quick-lru@5.2.0 OK for: @tailwindcss/postcss@4.2.2 want: ^5.2.0
43 silly placeDep ROOT @tailwindcss/node@4.2.2 OK for: @tailwindcss/postcss@4.2.2 want: 4.2.2
44 silly placeDep ROOT @tailwindcss/oxide@4.2.2 OK for: @tailwindcss/postcss@4.2.2 want: 4.2.2
45 silly fetch manifest jiti@^2.6.1
46 silly packumentCache full:https://registry.npmjs.org/jiti cache-miss
47 silly fetch manifest magic-string@^0.30.21
48 silly packumentCache full:https://registry.npmjs.org/magic-string cache-miss
49 silly fetch manifest enhanced-resolve@^5.19.0
50 silly packumentCache full:https://registry.npmjs.org/enhanced-resolve cache-miss
51 silly fetch manifest @tailwindcss/oxide-darwin-x64@4.2.2
52 silly packumentCache full:https://registry.npmjs.org/@tailwindcss%2foxide-darwin-x64 cache-miss
53 silly fetch manifest @tailwindcss/oxide-freebsd-x64@4.2.2
54 silly packumentCache full:https://registry.npmjs.org/@tailwindcss%2foxide-freebsd-x64 cache-miss
55 silly fetch manifest @tailwindcss/oxide-wasm32-wasi@4.2.2
56 silly packumentCache full:https://registry.npmjs.org/@tailwindcss%2foxide-wasm32-wasi cache-miss
57 silly fetch manifest @tailwindcss/oxide-darwin-arm64@4.2.2
58 silly packumentCache full:https://registry.npmjs.org/@tailwindcss%2foxide-darwin-arm64 cache-miss
59 http fetch GET 200 https://registry.npmjs.org/magic-string 55ms (cache miss)
60 silly packumentCache full:https://registry.npmjs.org/magic-string set size:undefined disposed:false
61 silly fetch manifest @tailwindcss/oxide-android-arm64@4.2.2
62 silly packumentCache full:https://registry.npmjs.org/@tailwindcss%2foxide-android-arm64 cache-miss
63 http fetch GET 200 https://registry.npmjs.org/jiti 120ms (cache revalidated)
64 silly packumentCache full:https://registry.npmjs.org/jiti set size:382310 disposed:false
65 silly fetch manifest @tailwindcss/oxide-linux-x64-gnu@4.2.2
66 silly packumentCache full:https://registry.npmjs.org/@tailwindcss%2foxide-linux-x64-gnu cache-miss
67 http fetch GET 200 https://registry.npmjs.org/enhanced-resolve 367ms (cache miss)
68 silly packumentCache full:https://registry.npmjs.org/enhanced-resolve set size:undefined disposed:false
69 silly fetch manifest @tailwindcss/oxide-linux-x64-musl@4.2.2
70 silly packumentCache full:https://registry.npmjs.org/@tailwindcss%2foxide-linux-x64-musl cache-miss
71 http fetch GET 200 https://registry.npmjs.org/@tailwindcss%2foxide-darwin-arm64 655ms (cache miss)
72 silly packumentCache full:https://registry.npmjs.org/@tailwindcss%2foxide-darwin-arm64 set size:undefined disposed:false
73 silly fetch manifest @tailwindcss/oxide-win32-x64-msvc@4.2.2
74 silly packumentCache full:https://registry.npmjs.org/@tailwindcss%2foxide-win32-x64-msvc cache-miss
75 http fetch GET 200 https://registry.npmjs.org/@tailwindcss%2foxide-darwin-x64 850ms (cache miss)
76 silly packumentCache full:https://registry.npmjs.org/@tailwindcss%2foxide-darwin-x64 set size:undefined disposed:false
77 silly fetch manifest @tailwindcss/oxide-linux-arm64-gnu@4.2.2
78 silly packumentCache full:https://registry.npmjs.org/@tailwindcss%2foxide-linux-arm64-gnu cache-miss
79 http fetch GET 200 https://registry.npmjs.org/@tailwindcss%2foxide-wasm32-wasi 1020ms (cache miss)
80 silly packumentCache full:https://registry.npmjs.org/@tailwindcss%2foxide-wasm32-wasi set size:undefined disposed:false
81 silly fetch manifest @tailwindcss/oxide-linux-arm64-musl@4.2.2
82 silly packumentCache full:https://registry.npmjs.org/@tailwindcss%2foxide-linux-arm64-musl cache-miss
83 http fetch GET 200 https://registry.npmjs.org/@tailwindcss%2foxide-android-arm64 970ms (cache miss)
84 silly packumentCache full:https://registry.npmjs.org/@tailwindcss%2foxide-android-arm64 set size:undefined disposed:false
85 silly fetch manifest @tailwindcss/oxide-win32-arm64-msvc@4.2.2
86 silly packumentCache full:https://registry.npmjs.org/@tailwindcss%2foxide-win32-arm64-msvc cache-miss
87 http fetch GET 200 https://registry.npmjs.org/@tailwindcss%2foxide-freebsd-x64 1094ms (cache miss)
88 silly packumentCache full:https://registry.npmjs.org/@tailwindcss%2foxide-freebsd-x64 set size:undefined disposed:false
89 silly fetch manifest @tailwindcss/oxide-linux-arm-gnueabihf@4.2.2
90 silly packumentCache full:https://registry.npmjs.org/@tailwindcss%2foxide-linux-arm-gnueabihf cache-miss
91 http fetch GET 200 https://registry.npmjs.org/@tailwindcss%2foxide-linux-x64-gnu 987ms (cache miss)
92 silly packumentCache full:https://registry.npmjs.org/@tailwindcss%2foxide-linux-x64-gnu set size:undefined disposed:false
93 http fetch GET 200 https://registry.npmjs.org/@tailwindcss%2foxide-win32-arm64-msvc 531ms (cache miss)
94 silly packumentCache full:https://registry.npmjs.org/@tailwindcss%2foxide-win32-arm64-msvc set size:undefined disposed:false
95 http fetch GET 200 https://registry.npmjs.org/@tailwindcss%2foxide-win32-x64-msvc 920ms (cache miss)
96 silly packumentCache full:https://registry.npmjs.org/@tailwindcss%2foxide-win32-x64-msvc set size:undefined disposed:false
97 http fetch GET 200 https://registry.npmjs.org/@tailwindcss%2foxide-linux-arm-gnueabihf 616ms (cache miss)
98 silly packumentCache full:https://registry.npmjs.org/@tailwindcss%2foxide-linux-arm-gnueabihf set size:undefined disposed:false
99 http fetch GET 200 https://registry.npmjs.org/@tailwindcss%2foxide-linux-arm64-gnu 890ms (cache miss)
100 silly packumentCache full:https://registry.npmjs.org/@tailwindcss%2foxide-linux-arm64-gnu set size:undefined disposed:false
101 http fetch GET 200 https://registry.npmjs.org/@tailwindcss%2foxide-linux-arm64-musl 830ms (cache miss)
102 silly packumentCache full:https://registry.npmjs.org/@tailwindcss%2foxide-linux-arm64-musl set size:undefined disposed:false
103 http fetch GET 200 https://registry.npmjs.org/@tailwindcss%2foxide-linux-x64-musl 2763ms (cache miss)
104 silly packumentCache full:https://registry.npmjs.org/@tailwindcss%2foxide-linux-x64-musl set size:undefined disposed:false
105 silly placeDep ROOT enhanced-resolve@5.20.1 OK for: @tailwindcss/node@4.2.2 want: ^5.19.0
106 silly placeDep ROOT jiti@2.6.1 OK for: @tailwindcss/node@4.2.2 want: ^2.6.1
107 silly placeDep ROOT magic-string@0.30.21 OK for: @tailwindcss/node@4.2.2 want: ^0.30.21
108 silly fetch manifest graceful-fs@^4.2.4
109 silly packumentCache full:https://registry.npmjs.org/graceful-fs cache-miss
110 silly fetch manifest tapable@^2.3.0
111 silly packumentCache full:https://registry.npmjs.org/tapable cache-miss
112 http fetch GET 200 https://registry.npmjs.org/tapable 91ms (cache miss)
113 silly packumentCache full:https://registry.npmjs.org/tapable set size:undefined disposed:false
114 http fetch GET 200 https://registry.npmjs.org/graceful-fs 477ms (cache miss)
115 silly packumentCache full:https://registry.npmjs.org/graceful-fs set size:undefined disposed:false
116 silly placeDep ROOT @tailwindcss/oxide-android-arm64@4.2.2 OK for: @tailwindcss/oxide@4.2.2 want: 4.2.2
117 silly placeDep ROOT @tailwindcss/oxide-darwin-arm64@4.2.2 OK for: @tailwindcss/oxide@4.2.2 want: 4.2.2
118 silly placeDep ROOT @tailwindcss/oxide-darwin-x64@4.2.2 OK for: @tailwindcss/oxide@4.2.2 want: 4.2.2
119 silly placeDep ROOT @tailwindcss/oxide-freebsd-x64@4.2.2 OK for: @tailwindcss/oxide@4.2.2 want: 4.2.2
120 silly placeDep ROOT @tailwindcss/oxide-linux-arm-gnueabihf@4.2.2 OK for: @tailwindcss/oxide@4.2.2 want: 4.2.2
121 silly placeDep ROOT @tailwindcss/oxide-linux-arm64-gnu@4.2.2 OK for: @tailwindcss/oxide@4.2.2 want: 4.2.2
122 silly placeDep ROOT @tailwindcss/oxide-linux-arm64-musl@4.2.2 OK for: @tailwindcss/oxide@4.2.2 want: 4.2.2
123 silly placeDep ROOT @tailwindcss/oxide-linux-x64-gnu@4.2.2 OK for: @tailwindcss/oxide@4.2.2 want: 4.2.2
124 silly placeDep ROOT @tailwindcss/oxide-linux-x64-musl@4.2.2 OK for: @tailwindcss/oxide@4.2.2 want: 4.2.2
125 silly placeDep ROOT @tailwindcss/oxide-wasm32-wasi@4.2.2 OK for: @tailwindcss/oxide@4.2.2 want: 4.2.2
126 silly placeDep ROOT @tailwindcss/oxide-win32-arm64-msvc@4.2.2 OK for: @tailwindcss/oxide@4.2.2 want: 4.2.2
127 silly placeDep ROOT @tailwindcss/oxide-win32-x64-msvc@4.2.2 OK for: @tailwindcss/oxide@4.2.2 want: 4.2.2
128 silly placeDep ROOT graceful-fs@4.2.11 OK for: enhanced-resolve@5.20.1 want: ^4.2.4
129 silly placeDep ROOT tapable@2.3.2 OK for: enhanced-resolve@5.20.1 want: ^2.3.0
130 silly reify mark retired [
130 silly reify   '/Users/jamesmalla/kalekyemumo.site/node_modules/@emnapi/wasi-threads'
130 silly reify ]
131 silly reify moves {
131 silly reify   '/Users/jamesmalla/kalekyemumo.site/node_modules/@emnapi/wasi-threads': '/Users/jamesmalla/kalekyemumo.site/node_modules/@emnapi/.wasi-threads-ONxc4Wlb'
131 silly reify }
132 silly audit bulk request {
132 silly audit   '@babel/code-frame': [ '7.29.0' ],
132 silly audit   '@babel/compat-data': [ '7.29.0' ],
132 silly audit   '@babel/core': [ '7.29.0' ],
132 silly audit   '@babel/generator': [ '7.29.1' ],
132 silly audit   '@babel/helper-compilation-targets': [ '7.28.6' ],
132 silly audit   '@babel/helper-globals': [ '7.28.0' ],
132 silly audit   '@babel/helper-module-imports': [ '7.28.6' ],
132 silly audit   '@babel/helper-module-transforms': [ '7.28.6' ],
132 silly audit   '@babel/helper-string-parser': [ '7.27.1' ],
132 silly audit   '@babel/helper-validator-identifier': [ '7.28.5' ],
132 silly audit   '@babel/helper-validator-option': [ '7.27.1' ],
132 silly audit   '@babel/helpers': [ '7.29.2' ],
132 silly audit   '@babel/parser': [ '7.29.2' ],
132 silly audit   '@babel/template': [ '7.28.6' ],
132 silly audit   '@babel/traverse': [ '7.29.0' ],
132 silly audit   '@babel/types': [ '7.29.0' ],
132 silly audit   '@emnapi/wasi-threads': [ '1.2.1' ],
132 silly audit   '@eslint-community/eslint-utils': [ '4.9.1' ],
132 silly audit   'eslint-visitor-keys': [ '3.4.3', '4.2.1' ],
132 silly audit   '@eslint-community/regexpp': [ '4.12.2' ],
132 silly audit   '@eslint/config-array': [ '0.21.2' ],
132 silly audit   '@eslint/config-helpers': [ '0.4.2' ],
132 silly audit   '@eslint/core': [ '0.17.0' ],
132 silly audit   '@eslint/eslintrc': [ '3.3.5' ],
132 silly audit   globals: [ '14.0.0', '17.4.0' ],
132 silly audit   '@eslint/js': [ '9.39.4' ],
132 silly audit   '@eslint/object-schema': [ '2.1.7' ],
132 silly audit   '@eslint/plugin-kit': [ '0.4.1' ],
132 silly audit   '@humanfs/core': [ '0.19.1' ],
132 silly audit   '@humanfs/node': [ '0.16.7' ],
132 silly audit   '@humanwhocodes/module-importer': [ '1.0.1' ],
132 silly audit   '@humanwhocodes/retry': [ '0.4.3' ],
132 silly audit   '@jridgewell/gen-mapping': [ '0.3.13' ],
132 silly audit   '@jridgewell/remapping': [ '2.3.5' ],
132 silly audit   '@jridgewell/resolve-uri': [ '3.1.2' ],
132 silly audit   '@jridgewell/sourcemap-codec': [ '1.5.5' ],
132 silly audit   '@jridgewell/trace-mapping': [ '0.3.31' ],
132 silly audit   '@napi-rs/wasm-runtime': [ '1.1.2' ],
132 silly audit   '@oxc-project/types': [ '0.122.0' ],
132 silly audit   '@rolldown/binding-android-arm64': [ '1.0.0-rc.12' ],
132 silly audit   '@rolldown/binding-darwin-arm64': [ '1.0.0-rc.12' ],
132 silly audit   '@rolldown/binding-darwin-x64': [ '1.0.0-rc.12' ],
132 silly audit   '@rolldown/binding-freebsd-x64': [ '1.0.0-rc.12' ],
132 silly audit   '@rolldown/binding-linux-arm-gnueabihf': [ '1.0.0-rc.12' ],
132 silly audit   '@rolldown/binding-linux-arm64-gnu': [ '1.0.0-rc.12' ],
132 silly audit   '@rolldown/binding-linux-arm64-musl': [ '1.0.0-rc.12' ],
132 silly audit   '@rolldown/binding-linux-ppc64-gnu': [ '1.0.0-rc.12' ],
132 silly audit   '@rolldown/binding-linux-s390x-gnu': [ '1.0.0-rc.12' ],
132 silly audit   '@rolldown/binding-linux-x64-gnu': [ '1.0.0-rc.12' ],
132 silly audit   '@rolldown/binding-linux-x64-musl': [ '1.0.0-rc.12' ],
132 silly audit   '@rolldown/binding-openharmony-arm64': [ '1.0.0-rc.12' ],
132 silly audit   '@rolldown/binding-wasm32-wasi': [ '1.0.0-rc.12' ],
132 silly audit   '@rolldown/binding-win32-arm64-msvc': [ '1.0.0-rc.12' ],
132 silly audit   '@rolldown/binding-win32-x64-msvc': [ '1.0.0-rc.12' ],
132 silly audit   '@rolldown/pluginutils': [ '1.0.0-rc.7', '1.0.0-rc.12' ],
132 silly audit   '@tybys/wasm-util': [ '0.10.1' ],
132 silly audit   '@types/estree': [ '1.0.8' ],
132 silly audit   '@types/json-schema': [ '7.0.15' ],
132 silly audit   '@types/react': [ '19.2.14' ],
132 silly audit   '@types/react-dom': [ '19.2.3' ],
132 silly audit   '@vitejs/plugin-react': [ '6.0.1' ],
132 silly audit   acorn: [ '8.16.0' ],
132 silly audit   'acorn-jsx': [ '5.3.2' ],
132 silly audit   ajv: [ '6.14.0' ],
132 silly audit   'ansi-styles': [ '4.3.0' ],
132 silly audit   argparse: [ '2.0.1' ],
132 silly audit   autoprefixer: [ '10.4.27' ],
132 silly audit   'balanced-match': [ '1.0.2' ],
132 silly audit   'baseline-browser-mapping': [ '2.10.16' ],
132 silly audit   'brace-expansion': [ '1.1.13' ],
132 silly audit   browserslist: [ '4.28.2' ],
132 silly audit   callsites: [ '3.1.0' ],
132 silly audit   'caniuse-lite': [ '1.0.30001786' ],
132 silly audit   chalk: [ '4.1.2' ],
132 silly audit   clsx: [ '2.1.1' ],
132 silly audit   'color-convert': [ '2.0.1' ],
132 silly audit   'color-name': [ '1.1.4' ],
132 silly audit   'concat-map': [ '0.0.1' ],
132 silly audit   'convert-source-map': [ '2.0.0' ],
132 silly audit   cookie: [ '1.1.1' ],
132 silly audit   'cross-spawn': [ '7.0.6' ],
132 silly audit   csstype: [ '3.2.3' ],
132 silly audit   debug: [ '4.4.3' ],
132 silly audit   'deep-is': [ '0.1.4' ],
132 silly audit   'detect-libc': [ '2.1.2' ],
132 silly audit   'electron-to-chromium': [ '1.5.331' ],
132 silly audit   escalade: [ '3.2.0' ],
132 silly audit   'escape-string-regexp': [ '4.0.0' ],
132 silly audit   eslint: [ '9.39.4' ],
132 silly audit   'eslint-plugin-react-hooks': [ '7.0.1' ],
132 silly audit   'eslint-plugin-react-refresh': [ '0.5.2' ],
132 silly audit   'eslint-scope': [ '8.4.0' ],
132 silly audit   espree: [ '10.4.0' ],
132 silly audit   esquery: [ '1.7.0' ],
132 silly audit   esrecurse: [ '4.3.0' ],
132 silly audit   estraverse: [ '5.3.0' ],
132 silly audit   esutils: [ '2.0.3' ],
132 silly audit   'fast-deep-equal': [ '3.1.3' ],
132 silly audit   'fast-json-stable-stringify': [ '2.1.0' ],
132 silly audit   'fast-levenshtein': [ '2.0.6' ],
132 silly audit   fdir: [ '6.5.0' ],
132 silly audit   'file-entry-cache': [ '8.0.0' ],
132 silly audit   'find-up': [ '5.0.0' ],
132 silly audit   'flat-cache': [ '4.0.1' ],
132 silly audit   flatted: [ '3.4.2' ],
132 silly audit   'fraction.js': [ '5.3.4' ],
132 silly audit   'framer-motion': [ '12.38.0' ],
132 silly audit   fsevents: [ '2.3.3' ],
132 silly audit   gensync: [ '1.0.0-beta.2' ],
132 silly audit   'glob-parent': [ '6.0.2' ],
132 silly audit   'has-flag': [ '4.0.0' ],
132 silly audit   'hermes-estree': [ '0.25.1' ],
132 silly audit   'hermes-parser': [ '0.25.1' ],
132 silly audit   ignore: [ '5.3.2' ],
132 silly audit   'import-fresh': [ '3.3.1' ],
132 silly audit   imurmurhash: [ '0.1.4' ],
132 silly audit   'is-extglob': [ '2.1.1' ],
132 silly audit   'is-glob': [ '4.0.3' ],
132 silly audit   isexe: [ '2.0.0' ],
132 silly audit   'js-tokens': [ '4.0.0' ],
132 silly audit   'js-yaml': [ '4.1.1' ],
132 silly audit   jsesc: [ '3.1.0' ],
132 silly audit   'json-buffer': [ '3.0.1' ],
132 silly audit   'json-schema-traverse': [ '0.4.1' ],
132 silly audit   'json-stable-stringify-without-jsonify': [ '1.0.1' ],
132 silly audit   json5: [ '2.2.3' ],
132 silly audit   keyv: [ '4.5.4' ],
132 silly audit   levn: [ '0.4.1' ],
132 silly audit   lightningcss: [ '1.32.0' ],
132 silly audit   'lightningcss-android-arm64': [ '1.32.0' ],
132 silly audit   'lightningcss-darwin-arm64': [ '1.32.0' ],
132 silly audit   'lightningcss-darwin-x64': [ '1.32.0' ],
132 silly audit   'lightningcss-freebsd-x64': [ '1.32.0' ],
132 silly audit   'lightningcss-linux-arm-gnueabihf': [ '1.32.0' ],
132 silly audit   'lightningcss-linux-arm64-gnu': [ '1.32.0' ],
132 silly audit   'lightningcss-linux-arm64-musl': [ '1.32.0' ],
132 silly audit   'lightningcss-linux-x64-gnu': [ '1.32.0' ],
132 silly audit   'lightningcss-linux-x64-musl': [ '1.32.0' ],
132 silly audit   'lightningcss-win32-arm64-msvc': [ '1.32.0' ],
132 silly audit   'lightningcss-win32-x64-msvc': [ '1.32.0' ],
132 silly audit   'locate-path': [ '6.0.0' ],
132 silly audit   'lodash.merge': [ '4.6.2' ],
132 silly audit   'lru-cache': [ '5.1.1' ],
132 silly audit   'lucide-react': [ '1.7.0' ],
132 silly audit   minimatch: [ '3.1.5' ],
132 silly audit   'motion-dom': [ '12.38.0' ],
132 silly audit   'motion-utils': [ '12.36.0' ],
132 silly audit   ms: [ '2.1.3' ],
132 silly audit   nanoid: [ '3.3.11' ],
132 silly audit   'natural-compare': [ '1.4.0' ],
132 silly audit   'node-releases': [ '2.0.37' ],
132 silly audit   optionator: [ '0.9.4' ],
132 silly audit   'p-limit': [ '3.1.0' ],
132 silly audit   'p-locate': [ '5.0.0' ],
132 silly audit   'parent-module': [ '1.0.1' ],
132 silly audit   'path-exists': [ '4.0.0' ],
132 silly audit   'path-key': [ '3.1.1' ],
132 silly audit   picocolors: [ '1.1.1' ],
132 silly audit   picomatch: [ '4.0.4' ],
132 silly audit   postcss: [ '8.5.8' ],
132 silly audit   'postcss-value-parser': [ '4.2.0' ],
132 silly audit   'prelude-ls': [ '1.2.1' ],
132 silly audit   punycode: [ '2.3.1' ],
132 silly audit   react: [ '19.2.4' ],
132 silly audit   'react-dom': [ '19.2.4' ],
132 silly audit   'react-router': [ '7.14.0' ],
132 silly audit   'react-router-dom': [ '7.14.0' ],
132 silly audit   'resolve-from': [ '4.0.0' ],
132 silly audit   rolldown: [ '1.0.0-rc.12' ],
132 silly audit   scheduler: [ '0.27.0' ],
132 silly audit   semver: [ '6.3.1' ],
132 silly audit   'set-cookie-parser': [ '2.7.2' ],
132 silly audit   'shebang-command': [ '2.0.0' ],
132 silly audit   'shebang-regex': [ '3.0.0' ],
132 silly audit   'source-map-js': [ '1.2.1' ],
132 silly audit   'strip-json-comments': [ '3.1.1' ],
132 silly audit   'supports-color': [ '7.2.0' ],
132 silly audit   'tailwind-merge': [ '3.5.0' ],
132 silly audit   tailwindcss: [ '4.2.2' ],
132 silly audit   tinyglobby: [ '0.2.15' ],
132 silly audit   tslib: [ '2.8.1' ],
132 silly audit   'type-check': [ '0.4.0' ],
132 silly audit   'update-browserslist-db': [ '1.2.3' ],
132 silly audit   'uri-js': [ '4.4.1' ],
132 silly audit   vite: [ '8.0.5' ],
132 silly audit   which: [ '2.0.2' ],
132 silly audit   'word-wrap': [ '1.2.5' ],
132 silly audit   yallist: [ '3.1.1' ],
132 silly audit   'yocto-queue': [ '0.1.0' ],
132 silly audit   zod: [ '4.3.6' ],
132 silly audit   'zod-validation-error': [ '4.0.2' ],
132 silly audit   '@tailwindcss/postcss': [ '4.2.2' ],
132 silly audit   '@alloc/quick-lru': [ '5.2.0' ],
132 silly audit   '@tailwindcss/node': [ '4.2.2' ],
132 silly audit   '@tailwindcss/oxide': [ '4.2.2' ],
132 silly audit   'enhanced-resolve': [ '5.20.1' ],
132 silly audit   jiti: [ '2.6.1' ],
132 silly audit   'magic-string': [ '0.30.21' ],
132 silly audit   '@tailwindcss/oxide-android-arm64': [ '4.2.2' ],
132 silly audit   '@tailwindcss/oxide-darwin-arm64': [ '4.2.2' ],
132 silly audit   '@tailwindcss/oxide-darwin-x64': [ '4.2.2' ],
132 silly audit   '@tailwindcss/oxide-freebsd-x64': [ '4.2.2' ],
132 silly audit   '@tailwindcss/oxide-linux-arm-gnueabihf': [ '4.2.2' ],
132 silly audit   '@tailwindcss/oxide-linux-arm64-gnu': [ '4.2.2' ],
132 silly audit   '@tailwindcss/oxide-linux-arm64-musl': [ '4.2.2' ],
132 silly audit   '@tailwindcss/oxide-linux-x64-gnu': [ '4.2.2' ],
132 silly audit   '@tailwindcss/oxide-linux-x64-musl': [ '4.2.2' ],
132 silly audit   '@tailwindcss/oxide-wasm32-wasi': [ '4.2.2' ],
132 silly audit   '@tailwindcss/oxide-win32-arm64-msvc': [ '4.2.2' ],
132 silly audit   '@tailwindcss/oxide-win32-x64-msvc': [ '4.2.2' ],
132 silly audit   'graceful-fs': [ '4.2.11' ],
132 silly audit   tapable: [ '2.3.2' ]
132 silly audit }
133 http cache graceful-fs@https://registry.npmjs.org/graceful-fs/-/graceful-fs-4.2.11.tgz 0ms (cache hit)
134 http cache @tailwindcss/oxide-darwin-arm64@https://registry.npmjs.org/@tailwindcss/oxide-darwin-arm64/-/oxide-darwin-arm64-4.2.2.tgz 0ms (cache hit)
135 http cache jiti@https://registry.npmjs.org/jiti/-/jiti-2.6.1.tgz 0ms (cache hit)
136 http cache enhanced-resolve@https://registry.npmjs.org/enhanced-resolve/-/enhanced-resolve-5.20.1.tgz 0ms (cache hit)
137 http cache @tailwindcss/oxide@https://registry.npmjs.org/@tailwindcss/oxide/-/oxide-4.2.2.tgz 0ms (cache hit)
138 http cache @tailwindcss/node@https://registry.npmjs.org/@tailwindcss/node/-/node-4.2.2.tgz 0ms (cache hit)
139 http cache @alloc/quick-lru@https://registry.npmjs.org/@alloc/quick-lru/-/quick-lru-5.2.0.tgz 0ms (cache hit)
140 http cache @tailwindcss/postcss@https://registry.npmjs.org/@tailwindcss/postcss/-/postcss-4.2.2.tgz 0ms (cache hit)
141 http cache tapable@https://registry.npmjs.org/tapable/-/tapable-2.3.2.tgz 0ms (cache hit)
142 http cache magic-string@https://registry.npmjs.org/magic-string/-/magic-string-0.30.21.tgz 0ms (cache hit)
143 silly tarball no local data for graceful-fs@https://registry.npmjs.org/graceful-fs/-/graceful-fs-4.2.11.tgz. Extracting by manifest.
144 http cache @napi-rs/wasm-runtime@https://registry.npmjs.org/@napi-rs/wasm-runtime/-/wasm-runtime-1.1.2.tgz 0ms (cache hit)
145 silly tarball no local data for @tailwindcss/oxide-darwin-arm64@https://registry.npmjs.org/@tailwindcss/oxide-darwin-arm64/-/oxide-darwin-arm64-4.2.2.tgz. Extracting by manifest.
146 silly tarball no local data for jiti@https://registry.npmjs.org/jiti/-/jiti-2.6.1.tgz. Extracting by manifest.
147 silly tarball no local data for enhanced-resolve@https://registry.npmjs.org/enhanced-resolve/-/enhanced-resolve-5.20.1.tgz. Extracting by manifest.
148 http cache @tybys/wasm-util@https://registry.npmjs.org/@tybys/wasm-util/-/wasm-util-0.10.1.tgz 0ms (cache hit)
149 silly tarball no local data for @tailwindcss/oxide@https://registry.npmjs.org/@tailwindcss/oxide/-/oxide-4.2.2.tgz. Extracting by manifest.
150 silly tarball no local data for @tailwindcss/node@https://registry.npmjs.org/@tailwindcss/node/-/node-4.2.2.tgz. Extracting by manifest.
151 silly tarball no local data for @alloc/quick-lru@https://registry.npmjs.org/@alloc/quick-lru/-/quick-lru-5.2.0.tgz. Extracting by manifest.
152 silly tarball no local data for @tailwindcss/postcss@https://registry.npmjs.org/@tailwindcss/postcss/-/postcss-4.2.2.tgz. Extracting by manifest.
153 silly tarball no local data for tapable@https://registry.npmjs.org/tapable/-/tapable-2.3.2.tgz. Extracting by manifest.
154 silly tarball no local data for magic-string@https://registry.npmjs.org/magic-string/-/magic-string-0.30.21.tgz. Extracting by manifest.
155 silly tarball no local data for @napi-rs/wasm-runtime@https://registry.npmjs.org/@napi-rs/wasm-runtime/-/wasm-runtime-1.1.2.tgz. Extracting by manifest.
156 silly tarball no local data for @tybys/wasm-util@https://registry.npmjs.org/@tybys/wasm-util/-/wasm-util-0.10.1.tgz. Extracting by manifest.
157 http fetch GET 200 https://registry.npmjs.org/graceful-fs/-/graceful-fs-4.2.11.tgz 58ms (cache miss)
158 http fetch GET 200 https://registry.npmjs.org/jiti/-/jiti-2.6.1.tgz 105ms (cache miss)
159 http fetch GET 200 https://registry.npmjs.org/enhanced-resolve/-/enhanced-resolve-5.20.1.tgz 112ms (cache miss)
160 http fetch GET 200 https://registry.npmjs.org/magic-string/-/magic-string-0.30.21.tgz 139ms (cache miss)
161 http fetch GET 200 https://registry.npmjs.org/tapable/-/tapable-2.3.2.tgz 184ms (cache miss)
162 http fetch POST 200 https://registry.npmjs.org/-/npm/v1/security/advisories/bulk 324ms
163 silly audit report {}
164 http fetch GET 200 https://registry.npmjs.org/@tailwindcss/node/-/node-4.2.2.tgz 570ms (cache miss)
165 http fetch GET 200 https://registry.npmjs.org/@napi-rs/wasm-runtime/-/wasm-runtime-1.1.2.tgz 650ms (cache miss)
166 http fetch GET 200 https://registry.npmjs.org/@tybys/wasm-util/-/wasm-util-0.10.1.tgz 668ms (cache miss)
167 http fetch GET 200 https://registry.npmjs.org/@tailwindcss/postcss/-/postcss-4.2.2.tgz 819ms (cache miss)
168 http fetch GET 200 https://registry.npmjs.org/@tailwindcss/oxide/-/oxide-4.2.2.tgz 881ms (cache miss)
169 http fetch GET 200 https://registry.npmjs.org/@alloc/quick-lru/-/quick-lru-5.2.0.tgz 1009ms (cache miss)
170 http fetch GET 200 https://registry.npmjs.org/@tailwindcss/oxide-darwin-arm64/-/oxide-darwin-arm64-4.2.2.tgz 1843ms (cache miss)
171 silly ADD node_modules/tapable
172 silly ADD node_modules/graceful-fs
173 silly ADD node_modules/@tailwindcss/oxide-darwin-arm64
174 silly ADD node_modules/magic-string
175 silly ADD node_modules/jiti
176 silly ADD node_modules/enhanced-resolve
177 silly ADD node_modules/@tailwindcss/oxide
178 silly ADD node_modules/@tailwindcss/node
179 silly ADD node_modules/@alloc/quick-lru
180 silly ADD node_modules/@tailwindcss/postcss
181 silly ADD node_modules/@tybys/wasm-util
182 silly ADD node_modules/@napi-rs/wasm-runtime
183 silly REMOVE node_modules/@emnapi/wasi-threads
184 verbose cwd /Users/jamesmalla/kalekyemumo.site
185 verbose os Darwin 25.2.0
186 verbose node v24.13.0
187 verbose npm  v11.6.2
188 verbose exit 0
189 info ok
